INFO 2025-03-28 15:06:01,402 views 1 140250372090680 {"message": "\u274c Impossible de charger les d\u00e9tails du tournoi : SyntaxError: Unexpected token '<', \"<!DOCTYPE \"... is not valid JSON", "level": "ERROR", "type": "console-error", "origin": "frontend"}
INFO 2025-03-28 15:06:43,784 views 1 140250372090680 {"message": "\u274c Impossible de charger les d\u00e9tails du tournoi : SyntaxError: Unexpected token '<', \"<!DOCTYPE \"... is not valid JSON", "level": "ERROR", "type": "console-error", "origin": "frontend"}
INFO 2025-03-28 15:12:50,368 views 1 140193396915000 {"message": "\u274c Impossible de charger les d\u00e9tails du tournoi : SyntaxError: Unexpected token '<', \"<!DOCTYPE \"... is not valid JSON", "level": "ERROR", "type": "console-error", "origin": "frontend"}
INFO 2025-03-28 15:15:10,123 views 1 140193396915000 {"message": "\u274c Impossible de charger les d\u00e9tails du tournoi : TypeError: Failed to execute 'json' on 'Response': body stream already read", "level": "ERROR", "type": "console-error", "origin": "frontend"}
INFO 2025-03-28 15:16:26,828 views 1 140193396915000 {"message": "Uncaught ReferenceError: loadTranslations is not defined", "source": "https://192.168.1.130:8443/tournament/3", "lineno": 31, "colno": 7, "error": "ReferenceError: loadTranslations is not defined\n    at HTMLDocument.<anonymous> (https://192.168.1.130:8443/tournament/3:31:7)", "level": "ERROR", "origin": "frontend"}
INFO 2025-03-28 15:16:40,519 views 1 140193396915000 {"message": "\u274c Impossible de charger les d\u00e9tails du tournoi : TypeError: Failed to execute 'json' on 'Response': body stream already read", "level": "ERROR", "type": "console-error", "origin": "frontend"}
INFO 2025-03-28 21:31:36,982 views 1 272102954752512 {"message": "Uncaught ReferenceError: originalPath is not defined", "source": "https://localhost:8443/static/js/router.js", "lineno": 262, "colno": 6, "error": "ReferenceError: originalPath is not defined\n    at HTMLScriptElement.<anonymous> (https://localhost:8443/static/js/router.js:262:6)", "level": "ERROR", "origin": "frontend"}
INFO 2025-03-28 21:31:56,998 views 1 272102938667496 {"message": "Uncaught ReferenceError: originalPath is not defined", "source": "https://localhost:8443/static/js/router.js", "lineno": 262, "colno": 6, "error": "ReferenceError: originalPath is not defined\n    at HTMLScriptElement.<anonymous> (https://localhost:8443/static/js/router.js:262:6)", "level": "ERROR", "origin": "frontend"}
INFO 2025-03-28 21:32:00,344 views 1 272102941993448 {"message": "Uncaught ReferenceError: originalPath is not defined", "source": "https://localhost:8443/static/js/router.js", "lineno": 262, "colno": 6, "error": "ReferenceError: originalPath is not defined\n    at HTMLScriptElement.<anonymous> (https://localhost:8443/static/js/router.js:262:6)", "level": "ERROR", "origin": "frontend"}
INFO 2025-03-28 21:32:05,222 views 1 272102938667496 {"message": "Uncaught ReferenceError: originalPath is not defined", "source": "https://localhost:8443/static/js/router.js", "lineno": 262, "colno": 6, "error": "ReferenceError: originalPath is not defined\n    at HTMLScriptElement.<anonymous> (https://localhost:8443/static/js/router.js:262:6)", "level": "ERROR", "origin": "frontend"}
INFO 2025-03-28 21:32:08,983 views 1 272102939728360 {"message": "Uncaught ReferenceError: originalPath is not defined", "source": "https://localhost:8443/static/js/router.js", "lineno": 262, "colno": 6, "error": "ReferenceError: originalPath is not defined\n    at HTMLScriptElement.<anonymous> (https://localhost:8443/static/js/router.js:262:6)", "level": "ERROR", "origin": "frontend"}
INFO 2025-03-28 21:32:35,883 views 1 272102941993448 {"message": "Uncaught ReferenceError: originalPath is not defined", "source": "https://localhost:8443/static/js/router.js", "lineno": 262, "colno": 6, "error": "ReferenceError: originalPath is not defined\n    at HTMLScriptElement.<anonymous> (https://localhost:8443/static/js/router.js:262:6)", "level": "ERROR", "origin": "frontend"}
INFO 2025-03-28 21:32:46,997 views 1 272102937606632 {"message": "Uncaught ReferenceError: originalPath is not defined", "source": "https://localhost:8443/static/js/router.js", "lineno": 262, "colno": 6, "error": "ReferenceError: originalPath is not defined\n    at HTMLScriptElement.<anonymous> (https://localhost:8443/static/js/router.js:262:6)", "level": "ERROR", "origin": "frontend"}
INFO 2025-03-28 21:36:19,808 views 1 272102938667496 {"message": "Uncaught ReferenceError: originalPath is not defined", "source": "https://localhost:8443/static/js/router.js", "lineno": 262, "colno": 6, "error": "ReferenceError: originalPath is not defined\n    at HTMLScriptElement.<anonymous> (https://localhost:8443/static/js/router.js:262:6)", "level": "ERROR", "origin": "frontend"}
INFO 2025-03-28 21:36:22,663 views 1 272102941993448 {"message": "Uncaught ReferenceError: originalPath is not defined", "source": "https://localhost:8443/static/js/router.js", "lineno": 262, "colno": 6, "error": "ReferenceError: originalPath is not defined\n    at HTMLScriptElement.<anonymous> (https://localhost:8443/static/js/router.js:262:6)", "level": "ERROR", "origin": "frontend"}
INFO 2025-03-28 21:36:33,181 views 1 272102941993448 {"message": "Uncaught ReferenceError: originalPath is not defined", "source": "https://localhost:8443/static/js/router.js", "lineno": 262, "colno": 6, "error": "ReferenceError: originalPath is not defined\n    at HTMLScriptElement.<anonymous> (https://localhost:8443/static/js/router.js:262:6)", "level": "ERROR", "origin": "frontend"}
INFO 2025-03-28 21:36:40,927 views 1 272102941993448 {"message": "Uncaught ReferenceError: originalPath is not defined", "source": "https://localhost:8443/static/js/router.js", "lineno": 262, "colno": 6, "error": "ReferenceError: originalPath is not defined\n    at HTMLScriptElement.<anonymous> (https://localhost:8443/static/js/router.js:262:6)", "level": "ERROR", "origin": "frontend"}
INFO 2025-03-28 21:36:42,038 views 1 272102938667496 {"message": "Uncaught ReferenceError: originalPath is not defined", "source": "https://localhost:8443/static/js/router.js", "lineno": 262, "colno": 6, "error": "ReferenceError: originalPath is not defined\n    at HTMLScriptElement.<anonymous> (https://localhost:8443/static/js/router.js:262:6)", "level": "ERROR", "origin": "frontend"}
INFO 2025-03-28 21:36:43,210 views 1 272102941993448 {"message": "Uncaught ReferenceError: originalPath is not defined", "source": "https://localhost:8443/static/js/router.js", "lineno": 262, "colno": 6, "error": "ReferenceError: originalPath is not defined\n    at HTMLScriptElement.<anonymous> (https://localhost:8443/static/js/router.js:262:6)", "level": "ERROR", "origin": "frontend"}
INFO 2025-03-28 21:36:44,660 views 1 272102938667496 {"message": "Uncaught ReferenceError: originalPath is not defined", "source": "https://localhost:8443/static/js/router.js", "lineno": 262, "colno": 6, "error": "ReferenceError: originalPath is not defined\n    at HTMLScriptElement.<anonymous> (https://localhost:8443/static/js/router.js:262:6)", "level": "ERROR", "origin": "frontend"}
INFO 2025-03-28 21:36:51,280 views 1 272102938667496 {"message": "Uncaught ReferenceError: originalPath is not defined", "source": "https://localhost:8443/static/js/router.js", "lineno": 262, "colno": 6, "error": "ReferenceError: originalPath is not defined\n    at HTMLScriptElement.<anonymous> (https://localhost:8443/static/js/router.js:262:6)", "level": "ERROR", "origin": "frontend"}
INFO 2025-03-28 21:36:52,258 views 1 272102938667496 {"message": "Uncaught ReferenceError: originalPath is not defined", "source": "https://localhost:8443/static/js/router.js", "lineno": 262, "colno": 6, "error": "ReferenceError: originalPath is not defined\n    at HTMLScriptElement.<anonymous> (https://localhost:8443/static/js/router.js:262:6)", "level": "ERROR", "origin": "frontend"}
INFO 2025-03-28 22:58:07,882 views 1 260678579227136 {"message": "Uncaught ReferenceError: originalPath is not defined", "source": "https://localhost:8443/static/js/router.js", "lineno": 262, "colno": 6, "error": "ReferenceError: originalPath is not defined\n    at HTMLScriptElement.<anonymous> (https://localhost:8443/static/js/router.js:262:6)", "level": "ERROR", "origin": "frontend"}
INFO 2025-03-29 09:38:46,170 views 1 140403069037368 {"message": "Erreur lors de la r\u00e9cup\u00e9ration des r\u00e9glages : Error: HTTP 401 - Unauthorized", "level": "ERROR", "type": "console-error", "origin": "frontend"}
INFO 2025-03-29 09:38:46,170 views 1 140403067976504 {"message": "Erreur lors du chargement de l'historique des matchs : Error: HTTP 401 - Unauthorized", "level": "ERROR", "type": "console-error", "origin": "frontend"}
INFO 2025-03-29 09:38:52,389 views 1 140403069037368 {"message": "Erreur lors de la r\u00e9cup\u00e9ration des r\u00e9glages : Error: HTTP 401 - Unauthorized", "level": "ERROR", "type": "console-error", "origin": "frontend"}
INFO 2025-03-29 09:39:10,617 views 1 140403069037368 {"message": "Erreur lors du chargement de l'historique des matchs : Error: HTTP 401 - Unauthorized", "level": "ERROR", "type": "console-error", "origin": "frontend"}
INFO 2025-03-29 09:39:10,617 views 1 140403067976504 {"message": "Erreur lors de la r\u00e9cup\u00e9ration des r\u00e9glages : Error: HTTP 401 - Unauthorized", "level": "ERROR", "type": "console-error", "origin": "frontend"}
INFO 2025-03-29 09:39:14,099 views 1 140403069037368 {"message": "Erreur lors de la r\u00e9cup\u00e9ration des r\u00e9glages : Error: HTTP 401 - Unauthorized", "level": "ERROR", "type": "console-error", "origin": "frontend"}
INFO 2025-03-29 09:39:14,100 views 1 140403067976504 {"message": "Erreur lors du chargement de l'historique des matchs : Error: HTTP 401 - Unauthorized", "level": "ERROR", "type": "console-error", "origin": "frontend"}
INFO 2025-03-29 09:39:15,561 views 1 140403067976504 {"message": "Erreur lors du chargement de l'historique des matchs : Error: HTTP 401 - Unauthorized", "level": "ERROR", "type": "console-error", "origin": "frontend"}
INFO 2025-03-29 09:39:15,561 views 1 140403069037368 {"message": "Erreur lors de la r\u00e9cup\u00e9ration des r\u00e9glages : Error: HTTP 401 - Unauthorized", "level": "ERROR", "type": "console-error", "origin": "frontend"}
INFO 2025-03-29 09:39:16,069 views 1 140403069037368 {"message": "Erreur lors de la r\u00e9cup\u00e9ration des r\u00e9glages : Error: HTTP 401 - Unauthorized", "level": "ERROR", "type": "console-error", "origin": "frontend"}
INFO 2025-03-29 09:39:16,069 views 1 140403067976504 {"message": "Erreur lors du chargement de l'historique des matchs : Error: HTTP 401 - Unauthorized", "level": "ERROR", "type": "console-error", "origin": "frontend"}
INFO 2025-03-29 09:39:16,842 views 1 140403069037368 {"message": "Erreur lors de la r\u00e9cup\u00e9ration des r\u00e9glages : Error: HTTP 401 - Unauthorized", "level": "ERROR", "type": "console-error", "origin": "frontend"}
INFO 2025-03-29 09:39:16,842 views 1 140403067976504 {"message": "Erreur lors du chargement de l'historique des matchs : Error: HTTP 401 - Unauthorized", "level": "ERROR", "type": "console-error", "origin": "frontend"}
INFO 2025-03-29 09:39:17,272 views 1 140403069037368 {"message": "Erreur lors du chargement de l'historique des matchs : Error: HTTP 401 - Unauthorized", "level": "ERROR", "type": "console-error", "origin": "frontend"}
INFO 2025-03-29 09:39:17,272 views 1 140403067976504 {"message": "Erreur lors de la r\u00e9cup\u00e9ration des r\u00e9glages : Error: HTTP 401 - Unauthorized", "level": "ERROR", "type": "console-error", "origin": "frontend"}
INFO 2025-03-29 09:39:17,933 views 1 140403069037368 {"message": "Erreur lors de la r\u00e9cup\u00e9ration des r\u00e9glages : Error: HTTP 401 - Unauthorized", "level": "ERROR", "type": "console-error", "origin": "frontend"}
INFO 2025-03-29 09:39:17,934 views 1 140403067976504 {"message": "Erreur lors du chargement de l'historique des matchs : Error: HTTP 401 - Unauthorized", "level": "ERROR", "type": "console-error", "origin": "frontend"}
INFO 2025-03-29 09:39:21,798 views 1 140403069037368 {"message": "Erreur lors du chargement de l'historique des matchs : Error: HTTP 401 - Unauthorized", "level": "ERROR", "type": "console-error", "origin": "frontend"}
INFO 2025-03-29 09:39:21,798 views 1 140403067976504 {"message": "Erreur lors de la r\u00e9cup\u00e9ration des r\u00e9glages : Error: HTTP 401 - Unauthorized", "level": "ERROR", "type": "console-error", "origin": "frontend"}
INFO 2025-03-29 09:39:25,765 views 1 140403069037368 {"message": "Erreur lors de la r\u00e9cup\u00e9ration des r\u00e9glages : Error: HTTP 401 - Unauthorized", "level": "ERROR", "type": "console-error", "origin": "frontend"}
INFO 2025-03-29 09:39:25,765 views 1 140403067976504 {"message": "Erreur lors du chargement de l'historique des matchs : Error: HTTP 401 - Unauthorized", "level": "ERROR", "type": "console-error", "origin": "frontend"}
INFO 2025-03-29 09:39:28,473 views 1 140403069037368 {"message": "Erreur lors de la r\u00e9cup\u00e9ration des r\u00e9glages : Error: HTTP 401 - Unauthorized", "level": "ERROR", "type": "console-error", "origin": "frontend"}
INFO 2025-03-29 09:39:33,875 views 1 140403069037368 {"message": "Erreur lors de la r\u00e9cup\u00e9ration des r\u00e9glages : Error: HTTP 401 - Unauthorized", "level": "ERROR", "type": "console-error", "origin": "frontend"}
INFO 2025-03-29 09:39:33,875 views 1 140403067976504 {"message": "Erreur lors du chargement de l'historique des matchs : Error: HTTP 401 - Unauthorized", "level": "ERROR", "type": "console-error", "origin": "frontend"}
INFO 2025-03-29 09:39:37,514 views 1 140403069037368 {"message": "Erreur lors de la r\u00e9cup\u00e9ration des r\u00e9glages : Error: HTTP 401 - Unauthorized", "level": "ERROR", "type": "console-error", "origin": "frontend"}
INFO 2025-03-29 09:39:40,806 views 1 140403069037368 {"message": "Erreur lors de la r\u00e9cup\u00e9ration des r\u00e9glages : Error: HTTP 401 - Unauthorized", "level": "ERROR", "type": "console-error", "origin": "frontend"}
INFO 2025-03-29 09:39:40,806 views 1 140403067976504 {"message": "Erreur lors du chargement de l'historique des matchs : Error: HTTP 401 - Unauthorized", "level": "ERROR", "type": "console-error", "origin": "frontend"}
INFO 2025-03-29 09:40:01,928 views 1 140403069037368 {"message": "Erreur lors de la r\u00e9cup\u00e9ration des r\u00e9glages : Error: HTTP 401 - Unauthorized", "level": "ERROR", "type": "console-error", "origin": "frontend"}
INFO 2025-03-29 09:40:01,929 views 1 140403067976504 {"message": "Erreur lors du chargement de l'historique des matchs : Error: HTTP 401 - Unauthorized", "level": "ERROR", "type": "console-error", "origin": "frontend"}
INFO 2025-03-29 09:41:20,260 views 1 140403069037368 {"message": "Uncaught SyntaxError: Identifier 'tournamentId' has already been declared", "source": "https://localhost:8443/static/js/tournament_details.js", "lineno": 1, "colno": 1, "error": "SyntaxError: Identifier 'tournamentId' has already been declared", "level": "ERROR", "origin": "frontend"}
INFO 2025-03-29 09:41:24,268 views 1 140403069037368 {"message": "Erreur lors de la r\u00e9cup\u00e9ration des r\u00e9glages : Error: HTTP 401 - Unauthorized", "level": "ERROR", "type": "console-error", "origin": "frontend"}
INFO 2025-03-29 09:41:33,783 views 1 140403067976504 {"message": "Erreur lors de la r\u00e9cup\u00e9ration des r\u00e9glages : Error: HTTP 401 - Unauthorized", "level": "ERROR", "type": "console-error", "origin": "frontend"}
INFO 2025-03-29 09:41:33,783 views 1 140403069037368 {"message": "Erreur lors du chargement de l'historique des matchs : Error: HTTP 401 - Unauthorized", "level": "ERROR", "type": "console-error", "origin": "frontend"}
INFO 2025-03-29 09:41:34,460 views 1 140403069037368 {"message": "Erreur lors de la r\u00e9cup\u00e9ration des r\u00e9glages : Error: HTTP 401 - Unauthorized", "level": "ERROR", "type": "console-error", "origin": "frontend"}
INFO 2025-03-29 09:41:34,461 views 1 140403067976504 {"message": "Erreur lors du chargement de l'historique des matchs : Error: HTTP 401 - Unauthorized", "level": "ERROR", "type": "console-error", "origin": "frontend"}
INFO 2025-03-29 09:41:34,953 views 1 140403069037368 {"message": "Erreur lors de la r\u00e9cup\u00e9ration des r\u00e9glages : Error: HTTP 401 - Unauthorized", "level": "ERROR", "type": "console-error", "origin": "frontend"}
INFO 2025-03-29 09:41:34,954 views 1 140403067976504 {"message": "Erreur lors du chargement de l'historique des matchs : Error: HTTP 401 - Unauthorized", "level": "ERROR", "type": "console-error", "origin": "frontend"}
INFO 2025-03-29 15:34:25,901 views 1 140245430655800 {"message": "Erreur de chargement de ressource", "resource": "https://192.168.1.130:8443/static/css/tournament.css", "tagName": "LINK", "level": "ERROR", "type": "resource-error", "origin": "frontend"}
INFO 2025-03-29 15:34:25,902 views 1 140245420165944 {"message": "Uncaught SyntaxError: Identifier 'csrfToken' has already been declared", "source": "https://192.168.1.130:8443/static/js/tournament.js", "lineno": 1, "colno": 1, "error": "SyntaxError: Identifier 'csrfToken' has already been declared", "level": "ERROR", "origin": "frontend"}
INFO 2025-03-29 15:34:30,754 views 1 140245430655800 {"message": "Erreur de chargement de ressource", "resource": "https://192.168.1.130:8443/static/css/tournament.css", "tagName": "LINK", "level": "ERROR", "type": "resource-error", "origin": "frontend"}
INFO 2025-03-29 15:34:34,257 views 1 140245430655800 {"message": "Erreur de chargement de ressource", "resource": "https://192.168.1.130:8443/static/css/tournament.css", "tagName": "LINK", "level": "ERROR", "type": "resource-error", "origin": "frontend"}
INFO 2025-03-29 15:34:35,341 views 1 140245430655800 {"message": "Erreur de chargement de ressource", "resource": "https://192.168.1.130:8443/static/css/tournament.css", "tagName": "LINK", "level": "ERROR", "type": "resource-error", "origin": "frontend"}
INFO 2025-03-29 15:35:43,831 views 1 140245430655800 {"message": "Erreur de chargement de ressource", "resource": "https://192.168.1.130:8443/static/css/tournament.css", "tagName": "LINK", "level": "ERROR", "type": "resource-error", "origin": "frontend"}
INFO 2025-03-29 15:50:08,232 views 1 140601450711864 {"message": "Erreur chargement tournois : SyntaxError: Unexpected token '<', \"<!DOCTYPE \"... is not valid JSON", "level": "ERROR", "type": "console-error", "origin": "frontend"}
INFO 2025-03-29 15:50:11,289 views 1 140601450711864 {"message": "Erreur chargement tournois : SyntaxError: Unexpected token '<', \"<!DOCTYPE \"... is not valid JSON", "level": "ERROR", "type": "console-error", "origin": "frontend"}
INFO 2025-03-29 15:50:12,130 views 1 140601450711864 {"message": "Erreur chargement tournois : SyntaxError: Unexpected token '<', \"<!DOCTYPE \"... is not valid JSON", "level": "ERROR", "type": "console-error", "origin": "frontend"}
INFO 2025-03-29 15:50:14,208 views 1 140601450711864 {"message": "Erreur chargement tournois : SyntaxError: Unexpected token '<', \"<!DOCTYPE \"... is not valid JSON", "level": "ERROR", "type": "console-error", "origin": "frontend"}
INFO 2025-03-29 15:56:55,256 views 1 139928168438584 {"message": "Erreur chargement tournois : SyntaxError: Unexpected token '<', \"<!DOCTYPE \"... is not valid JSON", "level": "ERROR", "type": "console-error", "origin": "frontend"}
INFO 2025-03-29 15:59:14,141 views 1 139672865303352 {"message": "Erreur chargement tournois : SyntaxError: Unexpected token '<', \"<!DOCTYPE \"... is not valid JSON", "level": "ERROR", "type": "console-error", "origin": "frontend"}
INFO 2025-03-29 15:59:17,774 views 1 139672865303352 {"message": "Erreur chargement tournois : SyntaxError: Unexpected token '<', \"<!DOCTYPE \"... is not valid JSON", "level": "ERROR", "type": "console-error", "origin": "frontend"}
INFO 2025-03-29 15:59:18,606 views 1 139672865303352 {"message": "Erreur chargement tournois : SyntaxError: Unexpected token '<', \"<!DOCTYPE \"... is not valid JSON", "level": "ERROR", "type": "console-error", "origin": "frontend"}
INFO 2025-03-29 15:59:22,633 views 1 139672865303352 {"message": "Uncaught ReferenceError: loadTranslations is not defined", "source": "https://192.168.1.130:8443/tournament/list", "lineno": 34, "colno": 7, "error": "ReferenceError: loadTranslations is not defined\n    at HTMLDocument.<anonymous> (https://192.168.1.130:8443/tournament/list:34:7)", "level": "ERROR", "origin": "frontend"}
INFO 2025-03-29 16:00:00,709 views 1 139664655059768 {"message": "Erreur chargement tournois : SyntaxError: Unexpected token '<', \"<!DOCTYPE \"... is not valid JSON", "level": "ERROR", "type": "console-error", "origin": "frontend"}
INFO 2025-03-29 16:05:59,228 views 1 139826805734200 {"message": "Erreur: Error: Erreur lors de la s\u00e9lection", "level": "ERROR", "type": "console-error", "origin": "frontend"}
INFO 2025-03-29 16:10:36,392 views 1 139865831721784 {"message": "Uncaught SyntaxError: Identifier 'csrfToken' has already been declared", "source": "https://192.168.1.130:8443/static/js/tournament.js", "lineno": 1, "colno": 1, "error": "SyntaxError: Identifier 'csrfToken' has already been declared", "level": "ERROR", "origin": "frontend"}
INFO 2025-03-29 16:13:29,924 views 1 140184122002232 {"message": "Uncaught SyntaxError: Unexpected end of input", "source": "https://192.168.1.130:8443/static/js/tournament.js", "lineno": 173, "colno": 1, "error": "SyntaxError: Unexpected end of input", "level": "ERROR", "origin": "frontend"}
INFO 2025-03-29 16:16:47,992 views 1 140701909523256 {"message": "Erreur: TypeError: Cannot set properties of null (setting 'textContent')", "level": "ERROR", "type": "console-error", "origin": "frontend"}
INFO 2025-03-29 16:16:59,546 views 1 140701909523256 {"message": "Erreur: TypeError: Cannot set properties of null (setting 'textContent')", "level": "ERROR", "type": "console-error", "origin": "frontend"}
INFO 2025-03-29 16:20:13,171 views 1 139631469456184 {"message": "Uncaught SyntaxError: Identifier 'csrfToken' has already been declared", "source": "https://192.168.1.130:8443/static/js/tournament.js", "lineno": 1, "colno": 1, "error": "SyntaxError: Identifier 'csrfToken' has already been declared", "level": "ERROR", "origin": "frontend"}
INFO 2025-03-29 16:20:29,321 views 1 139631469456184 {"message": "Erreur: TypeError: Cannot set properties of null (setting 'textContent')", "level": "ERROR", "type": "console-error", "origin": "frontend"}
INFO 2025-03-29 16:37:13,263 views 1 139849455524664 {"message": "\u274c Impossible de charger les d\u00e9tails du tournoi: ReferenceError: groupMatchesByRound is not defined", "level": "ERROR", "type": "console-error", "origin": "frontend"}
INFO 2025-03-29 16:37:26,402 views 1 139849455524664 {"message": "\u274c Impossible de charger les d\u00e9tails du tournoi: ReferenceError: groupMatchesByRound is not defined", "level": "ERROR", "type": "console-error", "origin": "frontend"}
INFO 2025-03-29 16:48:40,955 views 1 140427548875576 {"message": "Erreur lors de la r\u00e9cup\u00e9ration des r\u00e9glages : Error: HTTP 401 - Unauthorized", "level": "ERROR", "type": "console-error", "origin": "frontend"}
INFO 2025-03-29 16:48:40,956 views 1 140427547814712 {"message": "Erreur lors du chargement de l'historique des matchs : Error: HTTP 401 - Unauthorized", "level": "ERROR", "type": "console-error", "origin": "frontend"}
INFO 2025-03-29 16:48:42,439 views 1 140427548875576 {"message": "Erreur lors du chargement des stats utilisateur : Error: HTTP 401 - Unauthorized", "level": "ERROR", "type": "console-error", "origin": "frontend"}
INFO 2025-03-29 16:48:47,248 views 1 140427548875576 {"message": "Erreur lors du chargement de l'historique des matchs : Error: HTTP 401 - Unauthorized", "level": "ERROR", "type": "console-error", "origin": "frontend"}
INFO 2025-03-29 16:48:47,249 views 1 140427547814712 {"message": "Erreur lors de la r\u00e9cup\u00e9ration des r\u00e9glages : Error: HTTP 401 - Unauthorized", "level": "ERROR", "type": "console-error", "origin": "frontend"}
INFO 2025-03-29 16:48:49,430 views 1 140427548875576 {"message": "Erreur lors de la r\u00e9cup\u00e9ration des r\u00e9glages : Error: HTTP 401 - Unauthorized", "level": "ERROR", "type": "console-error", "origin": "frontend"}
INFO 2025-03-29 16:49:09,809 views 1 140427548875576 {"message": "Erreur lors de l'enregistrement du match : Error: HTTP 401 - Unauthorized", "level": "ERROR", "type": "console-error", "origin": "frontend"}
INFO 2025-03-29 16:49:11,685 views 1 140427548875576 {"message": "Erreur lors du chargement de l'historique des matchs : Error: HTTP 401 - Unauthorized", "level": "ERROR", "type": "console-error", "origin": "frontend"}
INFO 2025-03-29 16:49:11,686 views 1 140427547814712 {"message": "Erreur lors de la r\u00e9cup\u00e9ration des r\u00e9glages : Error: HTTP 401 - Unauthorized", "level": "ERROR", "type": "console-error", "origin": "frontend"}
INFO 2025-03-29 16:49:15,410 views 1 140427548875576 {"message": "Erreur lors du chargement des stats utilisateur : Error: HTTP 401 - Unauthorized", "level": "ERROR", "type": "console-error", "origin": "frontend"}
INFO 2025-03-29 16:50:24,764 views 1 140300171578168 {"message": "Erreur lors de la r\u00e9cup\u00e9ration des r\u00e9glages : Error: HTTP 401 - Unauthorized", "level": "ERROR", "type": "console-error", "origin": "frontend"}
INFO 2025-03-29 16:50:24,766 views 1 140300169456440 {"message": "Erreur lors du chargement de l'historique des matchs : Error: HTTP 401 - Unauthorized", "level": "ERROR", "type": "console-error", "origin": "frontend"}
INFO 2025-03-29 16:50:31,737 views 1 140300171578168 {"message": "Uncaught SyntaxError: Identifier 'tournamentId' has already been declared", "source": "https://192.168.1.130:8443/static/js/tournament_details.js", "lineno": 1, "colno": 1, "error": "SyntaxError: Identifier 'tournamentId' has already been declared", "level": "ERROR", "origin": "frontend"}
INFO 2025-03-29 16:51:44,787 views 1 140300171578168 {"message": "Erreur: Error: Erreur HTTP 400: {\"error\": \"Le nom du tournoi et les pseudos des joueurs sont requis.\"}", "level": "ERROR", "type": "console-error", "origin": "frontend"}
INFO 2025-03-29 17:07:16,912 views 1 140170806242104 {"message": "Uncaught SyntaxError: Identifier 'tournamentId' has already been declared", "source": "https://192.168.1.130:8443/static/js/tournament_details.js", "lineno": 1, "colno": 1, "error": "SyntaxError: Identifier 'tournamentId' has already been declared", "level": "ERROR", "origin": "frontend"}
INFO 2025-03-29 17:16:03,479 views 1 139881526659896 {"message": "\u274c Erreur chargement tournois : SyntaxError: Unexpected token '<', \"<html>\r\n<h\"... is not valid JSON", "level": "ERROR", "type": "console-error", "origin": "frontend"}
INFO 2025-03-29 17:19:56,886 views 1 139636276386616 {"message": "Uncaught SyntaxError: Identifier 'tournamentId' has already been declared", "source": "https://192.168.1.130:8443/static/js/tournament_details.js", "lineno": 1, "colno": 1, "error": "SyntaxError: Identifier 'tournamentId' has already been declared", "level": "ERROR", "origin": "frontend"}
INFO 2025-03-29 17:46:38,260 views 1 140708214876984 {"message": "Erreur lors de la r\u00e9cup\u00e9ration des r\u00e9glages : Error: HTTP 401 - Unauthorized", "level": "ERROR", "type": "console-error", "origin": "frontend"}
INFO 2025-03-29 17:46:38,260 views 1 140708213816120 {"message": "Erreur lors du chargement de l'historique des matchs : Error: HTTP 401 - Unauthorized", "level": "ERROR", "type": "console-error", "origin": "frontend"}
INFO 2025-03-29 17:53:58,213 views 1 140310277466936 {"message": "Erreur lors du chargement de l'historique des matchs : Error: HTTP 401 - Unauthorized", "level": "ERROR", "type": "console-error", "origin": "frontend"}
INFO 2025-03-29 17:53:58,213 views 1 140310279588664 {"message": "Erreur lors de la r\u00e9cup\u00e9ration des r\u00e9glages : Error: HTTP 401 - Unauthorized", "level": "ERROR", "type": "console-error", "origin": "frontend"}
INFO 2025-03-29 17:55:20,289 views 1 140310279588664 {"message": "Erreur lors de la r\u00e9cup\u00e9ration des r\u00e9glages : Error: HTTP 401 - Unauthorized", "level": "ERROR", "type": "console-error", "origin": "frontend"}
INFO 2025-03-29 17:55:20,292 views 1 140310277466936 {"message": "Erreur lors du chargement de l'historique des matchs : Error: HTTP 401 - Unauthorized", "level": "ERROR", "type": "console-error", "origin": "frontend"}
