Arborescence du projet :
.
├── backend
│   ├── chat
│   │   ├── admin.py
│   │   ├── apps.py
│   │   ├── __init__.py
│   │   ├── migrations
│   │   │   └── __init__.py
│   │   ├── models.py
│   │   ├── tests.py
│   │   └── views.py
│   ├── conecte_me_backend
│   │   ├── __init__.py
│   │   ├── middleware.py
│   │   ├── settings.py
│   │   ├── urls.py
│   │   ├── views.py
│   │   └── wsgi.py
│   ├── Dockerfile
│   ├── logs
│   │   ├── django.log
│   │   ├── django.log.2025-03-04
│   │   └── frontend.log
│   ├── manage.py
│   ├── media
│   │   └── profile_pictures
│   │       └── default_avatar.png
│   ├── oauth_app
│   │   ├── __init__.py
│   │   ├── migrations
│   │   │   ├── 0001_initial.py
│   │   │   ├── 0002_user42_email_address_user42_first_name_and_more.py
│   │   │   ├── 0003_user42_is_2fa_enabled_user42_totp_secret.py
│   │   │   ├── 0004_alter_user42_totp_secret.py
│   │   │   ├── 0005_user42_profile_image.py
│   │   │   ├── 0006_alter_user42_profile_image_userloginhistory.py
│   │   │   ├── 0007_userloginhistory_is_connected.py
│   │   │   └── __init__.py
│   │   ├── models.py
│   │   ├── templates
│   │   │   └── 2fa_setup.html
│   │   ├── tests.py
│   │   ├── twofa_views.py
│   │   ├── urls.py
│   │   ├── utils.py
│   │   └── views.py
│   └── requirements.txt
├── certs
│   ├── localhost.crt
│   └── localhost.key
├── docker-compose.yml
├── elk
│   ├── elasticsearch
│   │   └── elasticsearch.yml
│   ├── elk_initializer.sh
│   ├── filebeat.yml
│   ├── kibana
│   │   └── kibana.yml
│   ├── logstash
│   │   ├── logstash.conf
│   │   └── logstash.yml
│   └── saved_objects.ndjson
├── frontend
│   ├── Dockerfile
│   ├── index.html
│   └── static
│       ├── css
│       │   ├── board.css
│       │   ├── login.css
│       │   ├── main.css
│       │   ├── privacy.css
│       │   ├── setup.css
│       │   ├── signup.css
│       │   ├── stats.css
│       │   ├── team.css
│       │   ├── terms.css
│       │   └── user.css
│       ├── fonts
│       │   ├── PongGame.woff
│       │   └── PongGame.woff2
│       ├── img
│       │   ├── 42_logo.png
│       │   ├── default_avatar.png
│       │   ├── favicon.ico
│       │   ├── Game_anime.png
│       │   ├── jecointr.jpg
│       │   ├── mmaric.jpg
│       │   ├── ode-cleb.jpg
│       │   ├── PONG_Accueil.png
│       │   ├── PONG_seul.png
│       │   ├── raveriss.jpg
│       │   ├── return_arrow.png
│       │   ├── sycourbi.jpg
│       │   └── Symbole_return.png
│       ├── js
│       │   ├── 2fa.js
│       │   ├── board.js
│       │   ├── login.js
│       │   ├── main.js
│       │   ├── router.js
│       │   ├── setup.js
│       │   ├── signin42.js
│       │   ├── signup.js
│       │   └── user.js
│       └── templates
│           ├── board.html
│           ├── home.html
│           ├── login.html
│           ├── privacy.html
│           ├── setup.html
│           ├── signin42.html
│           ├── signup.html
│           ├── stats.html
│           ├── team.html
│           ├── terms.html
│           └── user.html
├── nginx.conf
├── output.log
└── README.md

22 directories, 96 files

--- Fin de l'arborescence ---


--- Nginx ---

events {
    worker_connections 1024;
}

http {
    include       mime.types;
    default_type  application/octet-stream;

    # Logs
    access_log /var/log/nginx/access.log;
    error_log /var/log/nginx/error.log warn;

    server {
        listen 443 ssl;
        server_name 10.25.2.3;

        ssl_certificate     /etc/nginx/certs/localhost.crt;
        ssl_certificate_key /etc/nginx/certs/localhost.key;
        ssl_session_cache shared:SSL:10m;
        ssl_session_timeout 10m;
        ssl_protocols TLSv1.2 TLSv1.3;
        ssl_ciphers HIGH:!aNULL:!MD5;

        location /static/ {
            proxy_pass http://conecteme_frontend:80/static/;
        }

        location ~* \.(html|htm|css|js|png|jpg|jpeg|gif|ico)$ {
            proxy_pass http://conecteme_frontend:80;
        }

        location /auth/ {
            proxy_set_header Host $host;
            proxy_pass http://conecteme_backend:8000;
        }

        location /api/ {
            proxy_set_header Host $host;
            proxy_pass http://conecteme_backend:8000;
        }
        
        location ^~ /media/ {
            alias /app/media/;
        }

        # Pour la SPA : redirige vers index.html si le fichier n’existe pas
        location / {
            try_files $uri /index.html;
        }


    }

    server {
        listen 80;
        server_name localhost;
        return 301 https://$host$request_uri;
    }
}

--- Frontend ---

# backend/oauth_app/urls.py
from django.urls import path
from .views import (
    redirect_to_42,
    callback_42,
    signup_view,
    login_view,
    user_info,  # <--- Import de la nouvelle vue
    upload_avatar_view,
    set_42_password_view,
    update_email_view,  # Import de la nouvelle vue
    update_password_view,
    export_data_view,
    delete_account_view,
    user_login_history,
    update_login_status,
)
from . import twofa_views, views

urlpatterns = [
    path('signup/', signup_view, name='signup'),
    path('login/', login_view, name='login'),
    path('login-42/', redirect_to_42, name='redirect_to_42'),
    path('callback', callback_42, name='callback_42'),
    path('42/password/', set_42_password_view, name='set_42_password'),  # <== Ajouté ici

    path('2fa/setup/', twofa_views.two_factor_setup, name='two_factor_setup'),
    path('2fa/validate/', twofa_views.two_factor_validate, name='two_factor_validate'),
    path('user/toggle_2fa/', views.toggle_2fa, name='toggle_2fa'),

    # Nouvelle route pour récupérer le username
    path('user/', user_info, name='user_info'),

    path('user/upload_avatar/', upload_avatar_view, name='upload_avatar'),
    path('user/update_email/', update_email_view, name='update_email'),
    path("user/update_password/", update_password_view, name="update_password"),
    path('user/export_data/', export_data_view, name='export_data'),
    path('user/delete_account/', delete_account_view, name='delete_account'),

    path('user/login_history/', user_login_history, name='user_login_history'),
    path('user/update_login_status/', update_login_status, name='update_login_status'),

]
import os
import requests
import jwt
import datetime
import requests
import json
import re


from django.shortcuts import redirect, render
from django.http import JsonResponse, HttpResponseRedirect
from django.urls import reverse
from django.utils.crypto import get_random_string
from django.views.decorators.csrf import csrf_exempt
from django.contrib.auth.hashers import check_password, make_password
from django.db import IntegrityError, transaction
from .models import User42, UserLoginHistory


from django.middleware.csrf import get_token
from django.contrib import messages

from .models import User42, UserLoginHistory
from .utils import generate_jwt

# Ajout de la gestion des logs
import logging
logger = logging.getLogger(__name__)

# Récupération des variables d'env
CLIENT_ID = os.environ.get('OAUTH42_CLIENT_ID')
CLIENT_SECRET = os.environ.get('OAUTH42_CLIENT_SECRET')
REDIRECT_URI = os.environ.get('OAUTH42_REDIRECT_URI')
TOKEN_URL = "https://api.intra.42.fr/oauth/token"
AUTHORIZE_URL = "https://api.intra.42.fr/oauth/authorize"

def redirect_to_42(request):
    """
    Redirige vers la page d'authentification 42 en utilisant
    Authorization Code Grant. On génère un state random pour la protection CSRF.
    """
    state = get_random_string(32)
    request.session['oauth_state'] = state

    params = {
        'client_id': CLIENT_ID,
        'redirect_uri': REDIRECT_URI,
        'response_type': 'code',
        'scope': 'public',
        'state': state,
    }
    # Construction de l'URL d'authentification
    query_string = "&".join([f"{k}={v}" for k, v in params.items()])
    auth_url = f"{AUTHORIZE_URL}?{query_string}"
    return redirect(auth_url)


def callback_42(request):
    # Vérification du state et récupération du code OAuth (code déjà présent)
    code = request.GET.get('code')
    if not code:
        return JsonResponse({"error": "No code provided"}, status=400)

    # Échange du code contre un access token
    data = {
        'grant_type': 'authorization_code',
        'client_id': CLIENT_ID,
        'client_secret': CLIENT_SECRET,
        'code': code,
        'redirect_uri': REDIRECT_URI,
    }
    try:
        token_response = requests.post(TOKEN_URL, data=data)
        token_data = token_response.json()
        access_token = token_data.get('access_token')
        if not access_token:
            return JsonResponse({"error": "Failed to retrieve access token"}, status=400)
    except Exception as e:
        return JsonResponse({"error": str(e)}, status=400)

    # Récupération des infos utilisateur depuis l'API 42
    user_info_url = "https://api.intra.42.fr/v2/me"
    headers = {
        'Authorization': f"Bearer {access_token}"
    }
    user_resp = requests.get(user_info_url, headers=headers)
    if user_resp.status_code != 200:
        return JsonResponse({"error": "Failed to retrieve user info"}, status=400)
    user_data = user_resp.json()  # Maintenant, user_resp est défini

    user_id_42 = user_data['id']
    user_name_42 = user_data['login']
    email_from_api = user_data.get('email')
    first_name_from_api = user_data.get('first_name')
    email_value = email_from_api if email_from_api else 'placeholder@example.com'
    first_name_value = first_name_from_api if first_name_from_api else 'Unknown'

    # Définir le mot de passe par défaut (haché)
    default_password = make_password("42sch@@L")

    try:
        with transaction.atomic():
            # Recherche de l'utilisateur par email (champ unique dans notre cas)
            user = User42.objects.filter(email_address=email_value).first()
            if user:
                # Mise à jour des informations si nécessaire
                if (email_from_api and email_from_api != user.email_address) or \
                   (first_name_from_api and first_name_from_api != user.first_name):
                    user.email_address = email_from_api or user.email_address
                    user.first_name = first_name_from_api or user.first_name
                # Affectation du mot de passe par défaut haché
                user.password = default_password
                user.is_connected = True
                user.save()
            else:
                # Attribution d'un user_id unique
                existing_ids = list(User42.objects.values_list('user_id', flat=True))
                sorted_ids = sorted(existing_ids)
                new_user_id = 0
                for uid in sorted_ids:
                    if uid == new_user_id:
                        new_user_id += 1
                    else:
                        break

                # Création d'un nouvel utilisateur avec le mot de passe par défaut
                user = User42(
                    user_id=new_user_id,
                    username=user_name_42,
                    email_address=email_value,
                    first_name=first_name_value,
                    password=default_password  # Mot de passe haché
                )
                user.save()
    except IntegrityError:
        return JsonResponse({"error": "Erreur lors de l'inscription de l'utilisateur"}, status=400)

    # Mise à jour de la session, création du log de connexion, etc.
    jwt_token = generate_jwt(user_id=user_id_42, username=user_name_42)
    response = HttpResponseRedirect(f"https://10.25.2.3:8443/board?jwt={jwt_token}")
    return response

# --- Vue d'inscription modifiée pour gérer l'upload de l'image de profil ---
@csrf_exempt
def signup_view(request):
    if request.method == 'POST':
        # Récupération des données du formulaire
        first_name   = request.POST.get('first_name')
        email        = request.POST.get('email_address')
        raw_password = request.POST.get('password')
        pseudo       = request.POST.get('username', '')

        # Vérification que tous les champs requis sont présents
        if not all([first_name, email, raw_password]):
            return JsonResponse(
                {"success": False, "error": "Tous les champs requis ne sont pas remplis."},
                status=400
            )

        # Gestion de l'image de profil
        profile_image = request.FILES.get('avatar')
        if profile_image:
            # Limiter la taille du fichier à 2MB
            if profile_image.size > 2 * 1024 * 1024:
                return JsonResponse(
                    {"success": False, "error": "La taille de l'image ne doit pas dépasser 2MB."},
                    status=400
                )
            # Vérifier le type MIME (seuls JPEG et PNG sont acceptés)
            if profile_image.content_type not in ['image/jpeg', 'image/png']:
                return JsonResponse(
                    {"success": False, "error": "Format d'image non supporté. Seul JPEG et PNG sont autorisés."},
                    status=400
                )

        try:
            with transaction.atomic():
                # Récupérer tous les user_id existants
                existing_ids = list(User42.objects.values_list('user_id', flat=True))
                # Trier les IDs pour faciliter la recherche de la plus petite valeur manquante
                sorted_ids = sorted(existing_ids)

                # Déterminer le plus petit user_id disponible
                new_user_id = 0
                for uid in sorted_ids:
                    if uid == new_user_id:
                        new_user_id += 1
                    else:
                        # Dès qu'on trouve un gap, on arrête : new_user_id est disponible
                        break

                # Création de l'utilisateur avec le user_id trouvé
                user = User42(
                    user_id=new_user_id,
                    username=pseudo or email.split('@')[0],
                    first_name=first_name,
                    email_address=email,
                )
                user.password = make_password(raw_password)
                if profile_image:
                    user.profile_image = profile_image
                user.save()

        except IntegrityError:
            # Gestion propre des erreurs transactionnelles pour éviter les conflits d'unicité
            return JsonResponse(
                {"success": False, "error": "Cette adresse e-mail est déjà utilisée."},
                status=400
            )

        return JsonResponse(
            {"success": True, "detail": "Inscription réussie."},
            status=201
        )

    return JsonResponse(
        {"success": False, "error": "Méthode non autorisée."},
        status=405
    )

@csrf_exempt
def user_login_history(request):
    user_id = request.session.get('user_id')
    if not user_id:
        return JsonResponse({'error': 'User not authenticated'}, status=401)
    try:
        user = User42.objects.get(pk=user_id)
    except User42.DoesNotExist:
        return JsonResponse({'error': 'User not found'}, status=404)

    # Récupérer les 3 dernières connexions
    logs = UserLoginHistory.objects.filter(user=user)[:3]
    data = [
        {
            'timestamp': log.timestamp.isoformat(),
            'ip_address': log.ip_address,
            'user_agent': log.user_agent,
            'is_connected': log.is_connected  # Conversion de 't' en booléen
        }
        for log in logs
    ]
    return JsonResponse({'login_history': data})


@csrf_exempt
def login_view(request):
    if request.method == 'POST':
        email = request.POST.get('email')
        password = request.POST.get('password')

        if not email or not password:
            return JsonResponse({
                "success": False,
                "error": "Champs 'email' et 'password' requis."
            }, status=400)

        user = User42.objects.filter(email_address=email).first()
        if not user:
            return JsonResponse({
                "success": False,
                "error": "Email ou mot de passe incorrect."
            }, status=401)

        if check_password(password, user.password):
            # Authentification réussie : mise à jour de la session
            request.session['user_id'] = user.pk
            request.session['email'] = user.email_address

            # Si 2FA n'est pas encore activé, rediriger vers la configuration 2FA
            if user.is_2fa_enabled:
                return JsonResponse({
                    "success": True,
                    "redirect": "/auth/2fa/setup/"
                }, status=200)
            else:
                ip_address = request.META.get('REMOTE_ADDR')
                user_agent = request.META.get('HTTP_USER_AGENT', '')
                UserLoginHistory.objects.create(
                    user=user,
                    ip_address=ip_address,
                    user_agent=user_agent,
                    is_connected=True
                )
                return JsonResponse({
                    "success": True,
                    "redirect": "/board"
                }, status=200)

        return JsonResponse({
            "success": False,
            "error": "Email ou mot de passe incorrect."
        }, status=401)
    
    return JsonResponse({
        "success": False,
        "error": "Méthode non autorisée."
    }, status=405)

# -------------------------------
# Nouvelle vue pour récupérer le username
# -------------------------------
def user_info(request):
    logger.debug("Appel de user_info, session: %s", dict(request.session))
    user_id = request.session.get('user_id')
    if not user_id:
        logger.error("Aucun user_id dans la session !")
        return JsonResponse({'error': 'User not authenticated'}, status=401)
    try:
        user = User42.objects.get(pk=user_id)
        logger.debug("Utilisateur trouvé : %s", user.username)
        return JsonResponse({
            'username': user.username,
            'profile_image': user.profile_image.url,
            'is_2fa_enabled': user.is_2fa_enabled  # Ajouté ici
        })
    except User42.DoesNotExist:
        logger.error("Utilisateur non trouvé pour user_id=%s", user_id)
        return JsonResponse({'error': 'User not found'}, status=404)
    
@csrf_exempt
def upload_avatar_view(request):
    if request.method == 'POST':
        # Vérification de l'authentification via la session
        user_id = request.session.get('user_id')
        if not user_id:
            return JsonResponse({"success": False, "error": "Utilisateur non authentifié."}, status=401)
        try:
            user = User42.objects.get(pk=user_id)
        except User42.DoesNotExist:
            return JsonResponse({"success": False, "error": "Utilisateur non trouvé."}, status=404)

        # Récupération du fichier envoyé
        avatar_file = request.FILES.get('avatar')
        if not avatar_file:
            return JsonResponse({"success": False, "error": "Aucun fichier envoyé."}, status=400)

        # Vérification de la taille (max 2MB)
        if avatar_file.size > 2 * 1024 * 1024:
            return JsonResponse({"success": False, "error": "La taille de l'image ne doit pas dépasser 2MB."}, status=400)
        # Vérification du format (JPEG/PNG)
        if avatar_file.content_type not in ['image/jpeg', 'image/png']:
            return JsonResponse({"success": False, "error": "Format d'image non supporté."}, status=400)

        # Sauvegarde du nouvel avatar dans le modèle (le champ profile_image gère le chemin d'upload)
        user.profile_image = avatar_file
        user.save()

        # Retour de l'URL de la nouvelle image pour mise à jour immédiate côté client
        return JsonResponse({"success": True, "profile_image_url": user.profile_image.url}, status=200)
    else:
        return JsonResponse({"success": False, "error": "Méthode non autorisée."}, status=405)
    
@csrf_exempt
def set_42_password_view(request):
    """
    Réception du mot de passe saisi par l’utilisateur lors de sa première connexion via 42.
    Le mot de passe est validé, haché et stocké temporairement dans la session.
    """
    if request.method == 'POST':
        password = request.POST.get('password')
        confirm = request.POST.get('confirmPassword')

        if not password or not confirm or password != confirm:
            return JsonResponse({"success": False, "error": "Les mots de passe ne correspondent pas."}, status=400)

        # Vérification côté serveur : minimum 8 caractères, 1 majuscule, 1 chiffre, 1 caractère spécial
        pattern = r'^(?=.*[A-Z])(?=.*\d)(?=.*[^A-Za-z0-9]).{8,}$'
        if not re.match(pattern, password):
            return JsonResponse({"success": False, "error": "Le mot de passe ne respecte pas les critères de sécurité."}, status=400)

        # Hachage sécurisé du mot de passe
        hashed_password = make_password(password)
        # Stockage temporaire dans la session
        request.session['temp_hashed_password'] = hashed_password

        return JsonResponse({
            "success": True,
            "detail": "Mot de passe défini avec succès. Vous allez être redirigé vers l'authentification 42."
        }, status=200)
    else:
        return JsonResponse({"success": False, "error": "Méthode non autorisée."}, status=405)
    
@csrf_exempt
def update_email_view(request):
    if request.method != 'POST':
        return JsonResponse({"success": False, "error": "Méthode non autorisée."}, status=405)
    
    # Vérifier que l'utilisateur est authentifié via la session
    user_id = request.session.get('user_id')
    if not user_id:
        return JsonResponse({"success": False, "error": "Utilisateur non authentifié."}, status=401)
    
    try:
        user = User42.objects.get(pk=user_id)
    except User42.DoesNotExist:
        return JsonResponse({"success": False, "error": "Utilisateur non trouvé."}, status=404)
    
    # Extraire le JSON envoyé
    try:
        data = json.loads(request.body)
    except Exception:
        return JsonResponse({"success": False, "error": "JSON invalide."}, status=400)
    
    current_email = data.get('current_email', '').strip()
    new_email = data.get('new_email', '').strip()
    password = data.get('password', '')

    # Vérification que l'email actuel correspond à celui enregistré
    if current_email != user.email_address:
        return JsonResponse({"success": False, "error": "L'email actuel ne correspond pas."}, status=400)
    
    # Vérifier le format du nouvel email
    email_regex = r'^[^\s@]+@[^\s@]+\.[^\s@]+$'
    if not re.match(email_regex, new_email):
        return JsonResponse({"success": False, "error": "Le nouvel email n'est pas valide."}, status=400)
    
    # Vérifier que le nouvel email n'est pas déjà utilisé par un autre compte
    if User42.objects.filter(email_address=new_email).exclude(pk=user_id).exists():
        return JsonResponse({"success": False, "error": "Cet email est déjà utilisé par un autre compte."}, status=400)
    
    # Vérifier que le mot de passe est correct
    if not check_password(password, user.password):
        return JsonResponse({"success": False, "error": "Mot de passe incorrect."}, status=400)
    
    # Tout est validé : mise à jour de l'email
    user.email_address = new_email
    user.save()
    
    # Mettre à jour éventuellement la session
    request.session['email'] = new_email
    
    return JsonResponse({"success": True, "detail": "Email mis à jour avec succès."}, status=200)

@csrf_exempt
def update_password_view(request):
    if request.method != "POST":
        return JsonResponse({"success": False, "error": "Méthode non autorisée."}, status=405)
    
    # Vérifier que l'utilisateur est authentifié via la session
    user_id = request.session.get("user_id")
    if not user_id:
        return JsonResponse({"success": False, "error": "Utilisateur non authentifié."}, status=401)
    
    # Extraction des données JSON
    try:
        data = json.loads(request.body)
    except Exception:
        return JsonResponse({"success": False, "error": "JSON invalide."}, status=400)
    
    current_password = data.get("current_password", "").strip()
    new_password = data.get("new_password", "").strip()
    confirm_password = data.get("confirm_password", "").strip()
    
    # Vérification que tous les champs sont présents
    if not current_password or not new_password or not confirm_password:
        return JsonResponse({"success": False, "error": "Tous les champs sont requis."}, status=400)
    
    # Vérification de la correspondance des nouveaux mots de passe
    if new_password != confirm_password:
        return JsonResponse({"success": False, "error": "Les nouveaux mots de passe ne correspondent pas."}, status=400)
    
    # Vérification des critères de sécurité
    password_pattern = r"^(?=.*[A-Z])(?=.*\d)(?=.*[^A-Za-z0-9]).{8,}$"
    if not re.match(password_pattern, new_password):
        return JsonResponse({"success": False, "error": "Le nouveau mot de passe ne respecte pas les critères de sécurité."}, status=400)
    
    # Récupération de l'utilisateur
    try:
        user = User42.objects.get(pk=user_id)
    except User42.DoesNotExist:
        return JsonResponse({"success": False, "error": "Utilisateur non trouvé."}, status=404)
    
    # Vérification du mot de passe actuel
    if not check_password(current_password, user.password):
        return JsonResponse({"success": False, "error": "Mot de passe actuel incorrect."}, status=400)
    
    # Vérifier que le nouveau mot de passe est différent de l'ancien
    if current_password == new_password:
        return JsonResponse({"success": False, "error": "Votre nouveau mot de passe doit être différent de l'ancien."}, status=400)
    
    # Tout est validé : hachage et mise à jour du mot de passe
    user.password = make_password(new_password)
    user.save()
    
    return JsonResponse({"success": True, "detail": "Mot de passe mis à jour avec succès."}, status=200)

@csrf_exempt
def export_data_view(request):
    """
    Vue permettant d’exporter les données personnelles de l’utilisateur
    au format JSON. La réponse contient un header Content-Disposition afin
    d’indiquer qu’il s’agit d’un fichier téléchargeable.
    """
    if request.method != "GET":
        return JsonResponse({"success": False, "error": "Méthode non autorisée."}, status=405)

    user_id = request.session.get("user_id")
    if not user_id:
        return JsonResponse({"success": False, "error": "Utilisateur non authentifié."}, status=401)

    try:
        user = User42.objects.get(pk=user_id)
    except User42.DoesNotExist:
        return JsonResponse({"success": False, "error": "Utilisateur non trouvé."}, status=404)

    # Préparer les données à exporter
    data = {
        "user_id": user.user_id,
        "username": user.username,
        "email_address": user.email_address,
        "first_name": user.first_name,
        "is_2fa_enabled": user.is_2fa_enabled,
        "profile_image": user.profile_image.url if user.profile_image else "",
        "created_at": user.created_at.isoformat()
    }

    response = JsonResponse(data)
    response['Content-Disposition'] = 'attachment; filename="mes_donnees.json"'
    return response

@csrf_exempt
def delete_account_view(request):
    """
    Vue permettant de supprimer complètement le compte de l’utilisateur.
    Elle supprime l’utilisateur de la table User42 ainsi que les fichiers médias liés,
    nettoie la session et renvoie une réponse JSON confirmant la suppression.
    """
    if request.method != "POST":
        return JsonResponse({"success": False, "error": "Méthode non autorisée."}, status=405)

    user_id = request.session.get("user_id")
    if not user_id:
        return JsonResponse({"success": False, "error": "Utilisateur non authentifié."}, status=401)

    try:
        user = User42.objects.get(pk=user_id)
    except User42.DoesNotExist:
        return JsonResponse({"success": False, "error": "Utilisateur non trouvé."}, status=404)

    # Suppression de l'image de profil si elle n'est pas celle par défaut
    if user.profile_image and user.profile_image.name != 'profile_pictures/default_avatar.png':
        image_path = user.profile_image.path
        if os.path.exists(image_path):
            os.remove(image_path)

    # Supprimer l'utilisateur (et toutes les données associées)
    user.delete()

    # Nettoyer la session
    request.session.flush()

    return JsonResponse({"success": True, "detail": "Compte supprimé avec succès."})

@csrf_exempt
def update_login_status(request):
    if request.method == "POST":
        user_id = request.session.get('user_id')
        if not user_id:
            logger.error("Aucun user_id dans la session")
            return JsonResponse({"success": False, "error": "Utilisateur non authentifié."}, status=401)
        
        try:
            user = User42.objects.get(pk=user_id)
        except User42.DoesNotExist:
            logger.error("Utilisateur non trouvé pour user_id=%s", user_id)
            return JsonResponse({"success": False, "error": "Utilisateur non trouvé."}, status=404)
        
        try:
            data = json.loads(request.body)
            is_connected = data.get('is_connected', False)
            if not isinstance(is_connected, bool):
                logger.error("'is_connected' n'est pas un booléen: %s", data.get('is_connected'))
                return JsonResponse({"success": False, "error": "'is_connected' doit être un booléen."}, status=400)
        except json.JSONDecodeError:
            logger.error("Données mal formatées: %s", request.body)
            return JsonResponse({"success": False, "error": "Données mal formatées."}, status=400)
        
        last_login = UserLoginHistory.objects.filter(user=user).order_by('-timestamp').first()
        if last_login:
            logger.info("Mise à jour du log id=%s pour user_id=%s : is_connected=%s", last_login.id, user_id, is_connected)
            last_login.is_connected = is_connected
            last_login.save()
        else:
            logger.info("Aucun log existant pour user_id=%s, création d'un nouveau log.", user_id)
            UserLoginHistory.objects.create(user=user, is_connected=is_connected)
    
        return JsonResponse({"success": True, "detail": "Statut de connexion mis à jour."}, status=200)
    
    return JsonResponse({"success": False, "error": "Méthode non autorisée."}, status=405)

@csrf_exempt
def toggle_2fa(request):
    """
    Cette vue met à jour la valeur de 'is_2fa_enabled' dans la base de données
    lorsqu'un utilisateur clique sur le bouton pour activer/désactiver 2FA.
    """
    if request.method == 'POST':
        user_id = request.session.get('user_id')
        if not user_id:
            return JsonResponse({"success": False, "error": "Utilisateur non authentifié."}, status=401)
        
        try:
            user = User42.objects.get(pk=user_id)
        except User42.DoesNotExist:
            return JsonResponse({"success": False, "error": "Utilisateur non trouvé."}, status=404)

        # Inverser la valeur de 'is_2fa_enabled'
        user.is_2fa_enabled = not user.is_2fa_enabled
        user.save()

        return JsonResponse({"success": True, "is_2fa_enabled": user.is_2fa_enabled})
    
    return JsonResponse({"success": False, "error": "Méthode non autorisée."}, status=405)

cd: no such file or directory: templates
